 ==========================>     TALLY 1: RR     <==========================

 Fe54
   (n,2nd)                              0 +/- 0
   (n,2n)                               0 +/- 0
   (n,3n)                               0 +/- 0
   (n,na)                               0 +/- 0
   (n,n3a)                              0 +/- 0
   (n,2na)                              0 +/- 0
   (n,3na)                              0 +/- 0
   (n,np)                               0 +/- 0
   (n,n2a)                              0 +/- 0
   (n,2n2a)                             0 +/- 0
   (n,nd)                               0 +/- 0
   (n,nt)                               0 +/- 0
   (n,n3He)                             0 +/- 0
   (n,nd2a)                             0 +/- 0
   (n,nt2a)                             0 +/- 0
   (n,4n)                               0 +/- 0
   (n,2np)                              0 +/- 0
   (n,3np)                              0 +/- 0
   (n,n2p)                              0 +/- 0
   (n,npa)                              0 +/- 0
   (n,gamma)                            0 +/- 0
   (n,p)                                0 +/- 0
   (n,d)                                0 +/- 0
   (n,t)                                0 +/- 0
   (n,3He)                              0 +/- 0
   (n,a)                                0 +/- 0
   (n,2a)                               0 +/- 0
   (n,3a)                               0 +/- 0
   (n,2p)                               0 +/- 0
   (n,pa)                               0 +/- 0
   (n,t2a)                              0 +/- 0
   (n,d2a)                              0 +/- 0
   (n,pd)                               0 +/- 0
   (n,pt)                               0 +/- 0
   (n,da)                               0 +/- 0
   (n,5n)                               0 +/- 0
   (n,6n)                               0 +/- 0
   (n,2nt)                              0 +/- 0
   (n,ta)                               0 +/- 0
   (n,4np)                              0 +/- 0
   (n,3nd)                              0 +/- 0
   (n,nda)                              0 +/- 0
   (n,2npa)                             0 +/- 0
   (n,7n)                               0 +/- 0
   (n,8n)                               0 +/- 0
   (n,5np)                              0 +/- 0
   (n,6np)                              0 +/- 0
   (n,7np)                              0 +/- 0
   (n,4na)                              0 +/- 0
   (n,5na)                              0 +/- 0
   (n,6na)                              0 +/- 0
   (n,7na)                              0 +/- 0
   (n,4nd)                              0 +/- 0
   (n,5nd)                              0 +/- 0
   (n,6nd)                              0 +/- 0
   (n,3nt)                              0 +/- 0
   (n,4nt)                              0 +/- 0
   (n,5nt)                              0 +/- 0
   (n,6nt)                              0 +/- 0
   (n,2n3He)                            0 +/- 0
   (n,3n3He)                            0 +/- 0
   (n,4n3He)                            0 +/- 0
   (n,3n2p)                             0 +/- 0
   (n,3n2a)                             0 +/- 0
   (n,3npa)                             0 +/- 0
   (n,dt)                               0 +/- 0
   (n,npd)                              0 +/- 0
   (n,npt)                              0 +/- 0
   (n,ndt)                              0 +/- 0
   (n,np3He)                            0 +/- 0
   (n,nd3He)                            0 +/- 0
   (n,nt3He)                            0 +/- 0
   (n,nta)                              0 +/- 0
   (n,2n2p)                             0 +/- 0
   (n,p3He)                             0 +/- 0
   (n,d3He)                             0 +/- 0
   (n,3Hea)                             0 +/- 0
   (n,4n2p)                             0 +/- 0
   (n,4n2a)                             0 +/- 0
   (n,4npa)                             0 +/- 0
   (n,3p)                               0 +/- 0
   (n,n3p)                              0 +/- 0
   (n,3n2pa)                            0 +/- 0
   (n,5n2p)                             0 +/- 0
 Fe56
   (n,2nd)                              0 +/- 0
   (n,2n)                               0 +/- 0
   (n,3n)                               0 +/- 0
   (n,na)                               0 +/- 0
   (n,n3a)                              0 +/- 0
   (n,2na)                              0 +/- 0
   (n,3na)                              0 +/- 0
   (n,np)                               0 +/- 0
   (n,n2a)                              0 +/- 0
   (n,2n2a)                             0 +/- 0
   (n,nd)                               0 +/- 0
   (n,nt)                               0 +/- 0
   (n,n3He)                             0 +/- 0
   (n,nd2a)                             0 +/- 0
   (n,nt2a)                             0 +/- 0
   (n,4n)                               0 +/- 0
   (n,2np)                              0 +/- 0
   (n,3np)                              0 +/- 0
   (n,n2p)                              0 +/- 0
   (n,npa)                              0 +/- 0
   (n,gamma)                            0 +/- 0
   (n,p)                                0 +/- 0
   (n,d)                                0 +/- 0
   (n,t)                                0 +/- 0
   (n,3He)                              0 +/- 0
   (n,a)                                0 +/- 0
   (n,2a)                               0 +/- 0
   (n,3a)                               0 +/- 0
   (n,2p)                               0 +/- 0
   (n,pa)                               0 +/- 0
   (n,t2a)                              0 +/- 0
   (n,d2a)                              0 +/- 0
   (n,pd)                               0 +/- 0
   (n,pt)                               0 +/- 0
   (n,da)                               0 +/- 0
   (n,5n)                               0 +/- 0
   (n,6n)                               0 +/- 0
   (n,2nt)                              0 +/- 0
   (n,ta)                               0 +/- 0
   (n,4np)                              0 +/- 0
   (n,3nd)                              0 +/- 0
   (n,nda)                              0 +/- 0
   (n,2npa)                             0 +/- 0
   (n,7n)                               0 +/- 0
   (n,8n)                               0 +/- 0
   (n,5np)                              0 +/- 0
   (n,6np)                              0 +/- 0
   (n,7np)                              0 +/- 0
   (n,4na)                              0 +/- 0
   (n,5na)                              0 +/- 0
   (n,6na)                              0 +/- 0
   (n,7na)                              0 +/- 0
   (n,4nd)                              0 +/- 0
   (n,5nd)                              0 +/- 0
   (n,6nd)                              0 +/- 0
   (n,3nt)                              0 +/- 0
   (n,4nt)                              0 +/- 0
   (n,5nt)                              0 +/- 0
   (n,6nt)                              0 +/- 0
   (n,2n3He)                            0 +/- 0
   (n,3n3He)                            0 +/- 0
   (n,4n3He)                            0 +/- 0
   (n,3n2p)                             0 +/- 0
   (n,3n2a)                             0 +/- 0
   (n,3npa)                             0 +/- 0
   (n,dt)                               0 +/- 0
   (n,npd)                              0 +/- 0
   (n,npt)                              0 +/- 0
   (n,ndt)                              0 +/- 0
   (n,np3He)                            0 +/- 0
   (n,nd3He)                            0 +/- 0
   (n,nt3He)                            0 +/- 0
   (n,nta)                              0 +/- 0
   (n,2n2p)                             0 +/- 0
   (n,p3He)                             0 +/- 0
   (n,d3He)                             0 +/- 0
   (n,3Hea)                             0 +/- 0
   (n,4n2p)                             0 +/- 0
   (n,4n2a)                             0 +/- 0
   (n,4npa)                             0 +/- 0
   (n,3p)                               0 +/- 0
   (n,n3p)                              0 +/- 0
   (n,3n2pa)                            0 +/- 0
   (n,5n2p)                             0 +/- 0
 Fe57
   (n,2nd)                              0 +/- 0
   (n,2n)                               0 +/- 0
   (n,3n)                               0 +/- 0
   (n,na)                               0 +/- 0
   (n,n3a)                              0 +/- 0
   (n,2na)                              0 +/- 0
   (n,3na)                              0 +/- 0
   (n,np)                               0 +/- 0
   (n,n2a)                              0 +/- 0
   (n,2n2a)                             0 +/- 0
   (n,nd)                               0 +/- 0
   (n,nt)                               0 +/- 0
   (n,n3He)                             0 +/- 0
   (n,nd2a)                             0 +/- 0
   (n,nt2a)                             0 +/- 0
   (n,4n)                               0 +/- 0
   (n,2np)                              0 +/- 0
   (n,3np)                              0 +/- 0
   (n,n2p)                              0 +/- 0
   (n,npa)                              0 +/- 0
   (n,gamma)                            0 +/- 0
   (n,p)                                0 +/- 0
   (n,d)                                0 +/- 0
   (n,t)                                0 +/- 0
   (n,3He)                              0 +/- 0
   (n,a)                                0 +/- 0
   (n,2a)                               0 +/- 0
   (n,3a)                               0 +/- 0
   (n,2p)                               0 +/- 0
   (n,pa)                               0 +/- 0
   (n,t2a)                              0 +/- 0
   (n,d2a)                              0 +/- 0
   (n,pd)                               0 +/- 0
   (n,pt)                               0 +/- 0
   (n,da)                               0 +/- 0
   (n,5n)                               0 +/- 0
   (n,6n)                               0 +/- 0
   (n,2nt)                              0 +/- 0
   (n,ta)                               0 +/- 0
   (n,4np)                              0 +/- 0
   (n,3nd)                              0 +/- 0
   (n,nda)                              0 +/- 0
   (n,2npa)                             0 +/- 0
   (n,7n)                               0 +/- 0
   (n,8n)                               0 +/- 0
   (n,5np)                              0 +/- 0
   (n,6np)                              0 +/- 0
   (n,7np)                              0 +/- 0
   (n,4na)                              0 +/- 0
   (n,5na)                              0 +/- 0
   (n,6na)                              0 +/- 0
   (n,7na)                              0 +/- 0
   (n,4nd)                              0 +/- 0
   (n,5nd)                              0 +/- 0
   (n,6nd)                              0 +/- 0
   (n,3nt)                              0 +/- 0
   (n,4nt)                              0 +/- 0
   (n,5nt)                              0 +/- 0
   (n,6nt)                              0 +/- 0
   (n,2n3He)                            0 +/- 0
   (n,3n3He)                            0 +/- 0
   (n,4n3He)                            0 +/- 0
   (n,3n2p)                             0 +/- 0
   (n,3n2a)                             0 +/- 0
   (n,3npa)                             0 +/- 0
   (n,dt)                               0 +/- 0
   (n,npd)                              0 +/- 0
   (n,npt)                              0 +/- 0
   (n,ndt)                              0 +/- 0
   (n,np3He)                            0 +/- 0
   (n,nd3He)                            0 +/- 0
   (n,nt3He)                            0 +/- 0
   (n,nta)                              0 +/- 0
   (n,2n2p)                             0 +/- 0
   (n,p3He)                             0 +/- 0
   (n,d3He)                             0 +/- 0
   (n,3Hea)                             0 +/- 0
   (n,4n2p)                             0 +/- 0
   (n,4n2a)                             0 +/- 0
   (n,4npa)                             0 +/- 0
   (n,3p)                               0 +/- 0
   (n,n3p)                              0 +/- 0
   (n,3n2pa)                            0 +/- 0
   (n,5n2p)                             0 +/- 0
 Fe58
   (n,2nd)                              0 +/- 0
   (n,2n)                               0 +/- 0
   (n,3n)                               0 +/- 0
   (n,na)                               0 +/- 0
   (n,n3a)                              0 +/- 0
   (n,2na)                              0 +/- 0
   (n,3na)                              0 +/- 0
   (n,np)                               0 +/- 0
   (n,n2a)                              0 +/- 0
   (n,2n2a)                             0 +/- 0
   (n,nd)                               0 +/- 0
   (n,nt)                               0 +/- 0
   (n,n3He)                             0 +/- 0
   (n,nd2a)                             0 +/- 0
   (n,nt2a)                             0 +/- 0
   (n,4n)                               0 +/- 0
   (n,2np)                              0 +/- 0
   (n,3np)                              0 +/- 0
   (n,n2p)                              0 +/- 0
   (n,npa)                              0 +/- 0
   (n,gamma)                            0 +/- 0
   (n,p)                                0 +/- 0
   (n,d)                                0 +/- 0
   (n,t)                                0 +/- 0
   (n,3He)                              0 +/- 0
   (n,a)                                0 +/- 0
   (n,2a)                               0 +/- 0
   (n,3a)                               0 +/- 0
   (n,2p)                               0 +/- 0
   (n,pa)                               0 +/- 0
   (n,t2a)                              0 +/- 0
   (n,d2a)                              0 +/- 0
   (n,pd)                               0 +/- 0
   (n,pt)                               0 +/- 0
   (n,da)                               0 +/- 0
   (n,5n)                               0 +/- 0
   (n,6n)                               0 +/- 0
   (n,2nt)                              0 +/- 0
   (n,ta)                               0 +/- 0
   (n,4np)                              0 +/- 0
   (n,3nd)                              0 +/- 0
   (n,nda)                              0 +/- 0
   (n,2npa)                             0 +/- 0
   (n,7n)                               0 +/- 0
   (n,8n)                               0 +/- 0
   (n,5np)                              0 +/- 0
   (n,6np)                              0 +/- 0
   (n,7np)                              0 +/- 0
   (n,4na)                              0 +/- 0
   (n,5na)                              0 +/- 0
   (n,6na)                              0 +/- 0
   (n,7na)                              0 +/- 0
   (n,4nd)                              0 +/- 0
   (n,5nd)                              0 +/- 0
   (n,6nd)                              0 +/- 0
   (n,3nt)                              0 +/- 0
   (n,4nt)                              0 +/- 0
   (n,5nt)                              0 +/- 0
   (n,6nt)                              0 +/- 0
   (n,2n3He)                            0 +/- 0
   (n,3n3He)                            0 +/- 0
   (n,4n3He)                            0 +/- 0
   (n,3n2p)                             0 +/- 0
   (n,3n2a)                             0 +/- 0
   (n,3npa)                             0 +/- 0
   (n,dt)                               0 +/- 0
   (n,npd)                              0 +/- 0
   (n,npt)                              0 +/- 0
   (n,ndt)                              0 +/- 0
   (n,np3He)                            0 +/- 0
   (n,nd3He)                            0 +/- 0
   (n,nt3He)                            0 +/- 0
   (n,nta)                              0 +/- 0
   (n,2n2p)                             0 +/- 0
   (n,p3He)                             0 +/- 0
   (n,d3He)                             0 +/- 0
   (n,3Hea)                             0 +/- 0
   (n,4n2p)                             0 +/- 0
   (n,4n2a)                             0 +/- 0
   (n,4npa)                             0 +/- 0
   (n,3p)                               0 +/- 0
   (n,n3p)                              0 +/- 0
   (n,3n2pa)                            0 +/- 0
   (n,5n2p)                             0 +/- 0
 ============================>     TALLY 2     <============================

 Internal

